0 info it worked if it ends with ok
1 verbose cli [ '/Users/xuexin/.nvm/versions/node/v7.4.0/bin/node',
1 verbose cli   '/Users/xuexin/.nvm/versions/node/v7.4.0/bin/npm',
1 verbose cli   'run',
1 verbose cli   'build' ]
2 info using npm@4.0.5
3 info using node@v7.4.0
4 verbose run-script [ 'prebuild', 'build', 'postbuild' ]
5 info lifecycle React@1.0.0~prebuild: React@1.0.0
6 silly lifecycle React@1.0.0~prebuild: no script for prebuild, continuing
7 info lifecycle React@1.0.0~build: React@1.0.0
8 verbose lifecycle React@1.0.0~build: unsafe-perm in lifecycle true
9 verbose lifecycle React@1.0.0~build: PATH: /Users/xuexin/.nvm/versions/node/v7.4.0/lib/node_modules/npm/bin/node-gyp-bin:/Users/xuexin/Documents/GitHub/001-React/node_modules/.bin:/Users/xuexin/Documents/GitHub/001-React/node_modules/.bin:/Users/xuexin/.config/yarn/link/node_modules/.bin:/Users/xuexin/Documents/GitHub/001-React/node_modules/.bin:/Users/xuexin/.config/yarn/link/node_modules/.bin:/Users/xuexin/.nvm/versions/node/v7.4.0/lib/node_modules/npm/bin/node-gyp-bin:/Users/xuexin/.nvm/versions/node/v7.4.0/bin/node_modules/npm/bin/node-gyp-bin:/Users/xuexin/.nvm/versions/node/v7.4.0/bin:/usr/local/bin:/usr/bin:/bin:/usr/sbin:/sbin
10 verbose lifecycle React@1.0.0~build: CWD: /Users/xuexin/Documents/GitHub/001-React
11 silly lifecycle React@1.0.0~build: Args: [ '-c', 'npm run build && cross-env NODE_ENV=production' ]
12 silly lifecycle React@1.0.0~build: Returned: code: 1  signal: null
13 info lifecycle React@1.0.0~build: Failed to exec build script
14 verbose stack Error: React@1.0.0 build: `npm run build && cross-env NODE_ENV=production`
14 verbose stack Exit status 1
14 verbose stack     at EventEmitter.<anonymous> (/Users/xuexin/.nvm/versions/node/v7.4.0/lib/node_modules/npm/lib/utils/lifecycle.js:279:16)
14 verbose stack     at emitTwo (events.js:106:13)
14 verbose stack     at EventEmitter.emit (events.js:191:7)
14 verbose stack     at ChildProcess.<anonymous> (/Users/xuexin/.nvm/versions/node/v7.4.0/lib/node_modules/npm/lib/utils/spawn.js:40:14)
14 verbose stack     at emitTwo (events.js:106:13)
14 verbose stack     at ChildProcess.emit (events.js:191:7)
14 verbose stack     at maybeClose (internal/child_process.js:885:16)
14 verbose stack     at Process.ChildProcess._handle.onexit (internal/child_process.js:226:5)
15 verbose pkgid React@1.0.0
16 verbose cwd /Users/xuexin/Documents/GitHub/001-React
17 error Darwin 16.6.0
18 error argv "/Users/xuexin/.nvm/versions/node/v7.4.0/bin/node" "/Users/xuexin/.nvm/versions/node/v7.4.0/bin/npm" "run" "build"
19 error node v7.4.0
20 error npm  v4.0.5
21 error code ELIFECYCLE
22 error React@1.0.0 build: `npm run build && cross-env NODE_ENV=production`
22 error Exit status 1
23 error Failed at the React@1.0.0 build script 'npm run build && cross-env NODE_ENV=production'.
23 error Make sure you have the latest version of node.js and npm installed.
23 error If you do, this is most likely a problem with the React package,
23 error not with npm itself.
23 error Tell the author that this fails on your system:
23 error     npm run build && cross-env NODE_ENV=production
23 error You can get information on how to open an issue for this project with:
23 error     npm bugs React
23 error Or if that isn't available, you can get their info via:
23 error     npm owner ls React
23 error There is likely additional logging output above.
24 verbose exit [ 1, true ]
